#
# There is insufficient memory for the Java Runtime Environment to continue.
# Native memory allocation (mmap) failed to map 65536 bytes for Failed to commit metaspace.
# Possible reasons:
#   The system is out of physical RAM or swap space
#   The process is running with CompressedOops enabled, and the Java Heap may be blocking the growth of the native heap
# Possible solutions:
#   Reduce memory load on the system
#   Increase physical memory or swap space
#   Check if swap backing store is full
#   Decrease Java heap size (-Xmx/-Xms)
#   Decrease number of Java threads
#   Decrease Java thread stack sizes (-Xss)
#   Set larger code cache with -XX:ReservedCodeCacheSize=
#   JVM is running with Unscaled Compressed Oops mode in which the Java heap is
#     placed in the first 4GB address space. The Java Heap base address is the
#     maximum limit for the native heap growth. Please use -XX:HeapBaseMinAddress
#     to set the Java Heap base and to place the Java Heap above 4GB virtual address.
# This output file may be truncated or incomplete.
#
#  Out of Memory Error (virtualSpaceNode.cpp:110), pid=22308, tid=16012
#
# JRE version: OpenJDK Runtime Environment (17.0.6) (build 17.0.6+0-b2043.56-10027231)
# Java VM: OpenJDK 64-Bit Server VM (17.0.6+0-b2043.56-10027231, mixed mode, tiered, compressed oops, compressed class ptrs, g1 gc, windows-amd64)
# No core dump will be written. Minidumps are not enabled by default on client versions of Windows
#

---------------  S U M M A R Y ------------

Command Line: -Dorg.gradle.appname=gradlew org.gradle.wrapper.GradleWrapperMain -q -Ptarget-platform=android-x64 -Ptarget=E:\Flutter_Project\lib\main.dart -Pbase-application-name=android.app.Application -Pdart-defines=Zmx1dHRlci5pbnNwZWN0b3Iuc3RydWN0dXJlZEVycm9ycz10cnVl,RkxVVFRFUl9XRUJfQVVUT19ERVRFQ1Q9dHJ1ZQ== -Pdart-obfuscation=false -Ptrack-widget-creation=true -Ptree-shake-icons=false -Pfilesystem-scheme=org-dartlang-root assembleDebug

Host: 11th Gen Intel(R) Core(TM) i5-1135G7 @ 2.40GHz, 8 cores, 7G,  Windows 11 , 64 bit Build 22621 (10.0.22621.3085)
Time: Tue Mar  5 18:46:05 2024 India Standard Time elapsed time: 15.592356 seconds (0d 0h 0m 15s)

---------------  T H R E A D  ---------------

Current thread (0x000001a9c5e3fc20):  JavaThread "main" [_thread_in_vm, id=16012, stack(0x0000005cc8a00000,0x0000005cc8b00000)]

Stack: [0x0000005cc8a00000,0x0000005cc8b00000]
Native frames: (J=compiled Java code, j=interpreted, Vv=VM code, C=native code)
V  [jvm.dll+0x683c9a]
V  [jvm.dll+0x8427a4]
V  [jvm.dll+0x843f9e]
V  [jvm.dll+0x844603]
V  [jvm.dll+0x249b75]
V  [jvm.dll+0x83e7fb]
V  [jvm.dll+0x628006]
V  [jvm.dll+0x62806a]
V  [jvm.dll+0x62a87a]
V  [jvm.dll+0x6289a6]
V  [jvm.dll+0x23db6f]
V  [jvm.dll+0x632795]
V  [jvm.dll+0x1eda2b]
V  [jvm.dll+0x1edf65]
V  [jvm.dll+0x1ee884]
V  [jvm.dll+0x1e3dcc]
V  [jvm.dll+0x547fed]
V  [jvm.dll+0x1f46eb]
V  [jvm.dll+0x7bc7cb]
V  [jvm.dll+0x7bdc12]
V  [jvm.dll+0x7bdf48]
V  [jvm.dll+0x24190e]
V  [jvm.dll+0x38437e]
C  0x000001a9d084b5a5

Java frames: (J=compiled Java code, j=interpreted, Vv=VM code)
j  sun.nio.ch.WEPollSelectorProvider.openSelector()Ljava/nio/channels/spi/AbstractSelector;+0 java.base@17.0.6
j  java.nio.channels.Selector.open()Ljava/nio/channels/Selector;+3 java.base@17.0.6
j  org.gradle.internal.remote.internal.inet.SocketConnection$SocketInputStream.<init>(Ljava/nio/channels/SocketChannel;)V+17
j  org.gradle.internal.remote.internal.inet.SocketConnection.<init>(Ljava/nio/channels/SocketChannel;Lorg/gradle/internal/remote/internal/MessageSerializer;Lorg/gradle/internal/serialize/StatefulSerializer;)V+33
j  org.gradle.internal.remote.internal.inet.SocketConnectCompletion.create(Lorg/gradle/internal/serialize/StatefulSerializer;)Lorg/gradle/internal/remote/internal/RemoteConnection;+16
j  org.gradle.launcher.daemon.client.DefaultDaemonConnector.connectToDaemon(Lorg/gradle/launcher/daemon/context/DaemonConnectDetails;Lorg/gradle/launcher/daemon/client/DaemonClientConnection$StaleAddressDetector;)Lorg/gradle/launcher/daemon/client/DaemonClientConnection;+43
j  org.gradle.launcher.daemon.client.DefaultDaemonConnector.findConnection(Ljava/util/List;)Lorg/gradle/launcher/daemon/client/DaemonClientConnection;+38
j  org.gradle.launcher.daemon.client.DefaultDaemonConnector.connectToIdleDaemon(Ljava/util/Collection;Lorg/gradle/api/internal/specs/ExplainingSpec;)Lorg/gradle/launcher/daemon/client/DaemonClientConnection;+9
j  org.gradle.launcher.daemon.client.DefaultDaemonConnector.connect(Lorg/gradle/api/internal/specs/ExplainingSpec;)Lorg/gradle/launcher/daemon/client/DaemonClientConnection;+37
j  org.gradle.launcher.daemon.client.DaemonClient.execute(Lorg/gradle/internal/invocation/BuildAction;Lorg/gradle/launcher/exec/BuildActionParameters;Lorg/gradle/initialization/BuildRequestContext;)Lorg/gradle/launcher/exec/BuildActionResult;+62
j  org.gradle.launcher.daemon.client.DaemonClient.execute(Lorg/gradle/internal/invocation/BuildAction;Ljava/lang/Object;Ljava/lang/Object;)Lorg/gradle/launcher/exec/BuildActionResult;+10
j  org.gradle.launcher.cli.RunBuildAction.run()V+74
j  org.gradle.internal.Actions$RunnableActionAdapter.execute(Ljava/lang/Object;)V+4
j  org.gradle.launcher.cli.DefaultCommandLineActionFactory$ParseAndBuildAction.execute(Lorg/gradle/launcher/bootstrap/ExecutionListener;)V+60
j  org.gradle.launcher.cli.DefaultCommandLineActionFactory$ParseAndBuildAction.execute(Ljava/lang/Object;)V+5
j  org.gradle.launcher.cli.DebugLoggerWarningAction.execute(Lorg/gradle/launcher/bootstrap/ExecutionListener;)V+9
j  org.gradle.launcher.cli.DebugLoggerWarningAction.execute(Ljava/lang/Object;)V+5
j  org.gradle.launcher.cli.WelcomeMessageAction.execute(Lorg/gradle/launcher/bootstrap/ExecutionListener;)V+218
j  org.gradle.launcher.cli.WelcomeMessageAction.execute(Ljava/lang/Object;)V+5
j  org.gradle.launcher.cli.NativeServicesInitializingAction.execute(Lorg/gradle/launcher/bootstrap/ExecutionListener;)V+35
j  org.gradle.launcher.cli.NativeServicesInitializingAction.execute(Ljava/lang/Object;)V+5
j  org.gradle.launcher.cli.ExceptionReportingAction.execute(Lorg/gradle/launcher/bootstrap/ExecutionListener;)V+5
j  org.gradle.launcher.cli.ExceptionReportingAction.execute(Ljava/lang/Object;)V+5
j  org.gradle.launcher.cli.DefaultCommandLineActionFactory$WithLogging.execute(Lorg/gradle/launcher/bootstrap/ExecutionListener;)V+299
j  org.gradle.launcher.Main.doAction([Ljava/lang/String;Lorg/gradle/launcher/bootstrap/ExecutionListener;)V+14
j  org.gradle.launcher.bootstrap.EntryPoint.run([Ljava/lang/String;)V+12
v  ~StubRoutines::call_stub
j  jdk.internal.reflect.NativeMethodAccessorImpl.invoke0(Ljava/lang/reflect/Method;Ljava/lang/Object;[Ljava/lang/Object;)Ljava/lang/Object;+0 java.base@17.0.6
j  jdk.internal.reflect.NativeMethodAccessorImpl.invoke(Ljava/lang/Object;[Ljava/lang/Object;)Ljava/lang/Object;+133 java.base@17.0.6
j  jdk.internal.reflect.DelegatingMethodAccessorImpl.invoke(Ljava/lang/Object;[Ljava/lang/Object;)Ljava/lang/Object;+6 java.base@17.0.6
j  java.lang.reflect.Method.invoke(Ljava/lang/Object;[Ljava/lang/Object;)Ljava/lang/Object;+59 java.base@17.0.6
j  org.gradle.launcher.bootstrap.ProcessBootstrap.runNoExit(Ljava/lang/String;[Ljava/lang/String;)V+159
j  org.gradle.launcher.bootstrap.ProcessBootstrap.run(Ljava/lang/String;[Ljava/lang/String;)V+2
v  ~StubRoutines::call_stub
j  jdk.internal.reflect.NativeMethodAccessorImpl.invoke0(Ljava/lang/reflect/Method;Ljava/lang/Object;[Ljava/lang/Object;)Ljava/lang/Object;+0 java.base@17.0.6
j  jdk.internal.reflect.NativeMethodAccessorImpl.invoke(Ljava/lang/Object;[Ljava/lang/Object;)Ljava/lang/Object;+133 java.base@17.0.6
j  jdk.internal.reflect.DelegatingMethodAccessorImpl.invoke(Ljava/lang/Object;[Ljava/lang/Object;)Ljava/lang/Object;+6 java.base@17.0.6
j  java.lang.reflect.Method.invoke(Ljava/lang/Object;[Ljava/lang/Object;)Ljava/lang/Object;+59 java.base@17.0.6
j  org.gradle.launcher.GradleMain.main([Ljava/lang/String;)V+100
v  ~StubRoutines::call_stub
j  jdk.internal.reflect.NativeMethodAccessorImpl.invoke0(Ljava/lang/reflect/Method;Ljava/lang/Object;[Ljava/lang/Object;)Ljava/lang/Object;+0 java.base@17.0.6
j  jdk.internal.reflect.NativeMethodAccessorImpl.invoke(Ljava/lang/Object;[Ljava/lang/Object;)Ljava/lang/Object;+133 java.base@17.0.6
j  jdk.internal.reflect.DelegatingMethodAccessorImpl.invoke(Ljava/lang/Object;[Ljava/lang/Object;)Ljava/lang/Object;+6 java.base@17.0.6
j  java.lang.reflect.Method.invoke(Ljava/lang/Object;[Ljava/lang/Object;)Ljava/lang/Object;+59 java.base@17.0.6
j  org.gradle.wrapper.BootstrapMainStarter.start([Ljava/lang/String;Ljava/io/File;)V+82
j  org.gradle.wrapper.WrapperExecutor.execute([Ljava/lang/String;Lorg/gradle/wrapper/Install;Lorg/gradle/wrapper/BootstrapMainStarter;)V+14
j  org.gradle.wrapper.GradleWrapperMain.main([Ljava/lang/String;)V+190
v  ~StubRoutines::call_stub

---------------  P R O C E S S  ---------------

Threads class SMR info:
_java_thread_list=0x000001a9e08215e0, length=13, elements={
0x000001a9c5e3fc20, 0x000001a9e041cd80, 0x000001a9e041d930, 0x000001a9e0494130,
0x000001a9e0496ff0, 0x000001a9e04979a0, 0x000001a9e049a360, 0x000001a9e046eb20,
0x000001a9e0470160, 0x000001a9e0470b50, 0x000001a9e05fee00, 0x000001a9e06127b0,
0x000001a9e07bc110
}

Java Threads: ( => current thread )
=>0x000001a9c5e3fc20 JavaThread "main" [_thread_in_vm, id=16012, stack(0x0000005cc8a00000,0x0000005cc8b00000)]
  0x000001a9e041cd80 JavaThread "Reference Handler" daemon [_thread_blocked, id=29812, stack(0x0000005cc9100000,0x0000005cc9200000)]
  0x000001a9e041d930 JavaThread "Finalizer" daemon [_thread_blocked, id=9760, stack(0x0000005cc9200000,0x0000005cc9300000)]
  0x000001a9e0494130 JavaThread "Signal Dispatcher" daemon [_thread_blocked, id=11748, stack(0x0000005cc9300000,0x0000005cc9400000)]
  0x000001a9e0496ff0 JavaThread "Attach Listener" daemon [_thread_blocked, id=26056, stack(0x0000005cc9400000,0x0000005cc9500000)]
  0x000001a9e04979a0 JavaThread "Service Thread" daemon [_thread_blocked, id=19328, stack(0x0000005cc9500000,0x0000005cc9600000)]
  0x000001a9e049a360 JavaThread "Monitor Deflation Thread" daemon [_thread_blocked, id=30964, stack(0x0000005cc9600000,0x0000005cc9700000)]
  0x000001a9e046eb20 JavaThread "C2 CompilerThread0" daemon [_thread_blocked, id=12376, stack(0x0000005cc9700000,0x0000005cc9800000)]
  0x000001a9e0470160 JavaThread "C1 CompilerThread0" daemon [_thread_blocked, id=19952, stack(0x0000005cc9800000,0x0000005cc9900000)]
  0x000001a9e0470b50 JavaThread "Sweeper thread" daemon [_thread_blocked, id=35304, stack(0x0000005cc9900000,0x0000005cc9a00000)]
  0x000001a9e05fee00 JavaThread "Notification Thread" daemon [_thread_blocked, id=20472, stack(0x0000005cc9a00000,0x0000005cc9b00000)]
  0x000001a9e06127b0 JavaThread "Common-Cleaner" daemon [_thread_blocked, id=11820, stack(0x0000005cc9c00000,0x0000005cc9d00000)]
  0x000001a9e07bc110 JavaThread "pool-1-thread-1" [_thread_blocked, id=16672, stack(0x0000005cca100000,0x0000005cca200000)]

Other Threads:
  0x000001a9e041a3c0 VMThread "VM Thread" [stack: 0x0000005cc9000000,0x0000005cc9100000] [id=26792] _threads_hazard_ptr=0x000001a9e08215e0
  0x000001a9e0602100 WatcherThread [stack: 0x0000005cc9b00000,0x0000005cc9c00000] [id=35204]
  0x000001a9c5e9a010 GCTaskThread "GC Thread#0" [stack: 0x0000005cc8b00000,0x0000005cc8c00000] [id=4432]
  0x000001a9e08b9c70 GCTaskThread "GC Thread#1" [stack: 0x0000005cc9d00000,0x0000005cc9e00000] [id=33200]
  0x000001a9e0ffec40 GCTaskThread "GC Thread#2" [stack: 0x0000005cc9e00000,0x0000005cc9f00000] [id=34776]
  0x000001a9e0c38570 GCTaskThread "GC Thread#3" [stack: 0x0000005cc9f00000,0x0000005cca000000] [id=10740]
  0x000001a9e0ffca30 GCTaskThread "GC Thread#4" [stack: 0x0000005cca000000,0x0000005cca100000] [id=4744]
  0x000001a9c5eaa890 ConcurrentGCThread "G1 Main Marker" [stack: 0x0000005cc8c00000,0x0000005cc8d00000] [id=1216]
  0x000001a9c5eaca50 ConcurrentGCThread "G1 Conc#0" [stack: 0x0000005cc8d00000,0x0000005cc8e00000] [id=36252]
  0x000001a9c5ef7100 ConcurrentGCThread "G1 Refine#0" [stack: 0x0000005cc8e00000,0x0000005cc8f00000] [id=34624]
  0x000001a9c5ef7b20 ConcurrentGCThread "G1 Service" [stack: 0x0000005cc8f00000,0x0000005cc9000000] [id=33736]

Threads with active compile tasks:

VM state: synchronizing (normal execution)

VM Mutex/Monitor currently owned by a thread:  ([mutex/lock_event])
[0x000001a9c5e3ae30] Metaspace_lock - owner thread: 0x000001a9c5e3fc20
[0x000001a9c5e3c030] Threads_lock - owner thread: 0x000001a9e041a3c0

Heap address: 0x0000000083600000, size: 1994 MB, Compressed Oops mode: 32-bit

CDS archive(s) not mapped
Compressed class space mapped at: 0x0000000100000000-0x0000000140000000, reserved size: 1073741824
Narrow klass base: 0x0000000000000000, Narrow klass shift: 3, Narrow klass range: 0x140000000

GC Precious Log:
 CPUs: 8 total, 8 available
 Memory: 7975M
 Large Page Support: Disabled
 NUMA Support: Disabled
 Compressed Oops: Enabled (32-bit)
 Heap Region Size: 1M
 Heap Min Capacity: 8M
 Heap Initial Capacity: 126M
 Heap Max Capacity: 1994M
 Pre-touch: Disabled
 Parallel Workers: 8
 Concurrent Workers: 2
 Concurrent Refinement Workers: 8
 Periodic GC: Disabled

Heap:
 garbage-first heap   total 129024K, used 20587K [0x0000000083600000, 0x0000000100000000)
  region size 1024K, 15 young (15360K), 3 survivors (3072K)
 Metaspace       used 15198K, committed 15360K, reserved 1064960K
  class space    used 1771K, committed 1856K, reserved 1048576K

Heap Regions: E=young(eden), S=young(survivor), O=old, HS=humongous(starts), HC=humongous(continues), CS=collection set, F=free, OA=open archive, CA=closed archive, TAMS=top-at-mark-start (previous, next)
|   0|0x0000000083600000, 0x0000000083600000, 0x0000000083700000|  0%| F|  |TAMS 0x0000000083600000, 0x0000000083600000| Untracked 
|   1|0x0000000083700000, 0x0000000083700000, 0x0000000083800000|  0%| F|  |TAMS 0x0000000083700000, 0x0000000083700000| Untracked 
|   2|0x0000000083800000, 0x0000000083800000, 0x0000000083900000|  0%| F|  |TAMS 0x0000000083800000, 0x0000000083800000| Untracked 
|   3|0x0000000083900000, 0x0000000083a00000, 0x0000000083a00000|100%|HS|  |TAMS 0x0000000083900000, 0x0000000083900000| Complete 
|   4|0x0000000083a00000, 0x0000000083b00000, 0x0000000083b00000|100%|HC|  |TAMS 0x0000000083a00000, 0x0000000083a00000| Complete 
|   5|0x0000000083b00000, 0x0000000083c00000, 0x0000000083c00000|100%|HC|  |TAMS 0x0000000083b00000, 0x0000000083b00000| Complete 
|   6|0x0000000083c00000, 0x0000000083d00000, 0x0000000083d00000|100%| O|  |TAMS 0x0000000083c00000, 0x0000000083c00000| Untracked 
|   7|0x0000000083d00000, 0x0000000083e00000, 0x0000000083e00000|100%| O|  |TAMS 0x0000000083d00000, 0x0000000083d00000| Untracked 
|   8|0x0000000083e00000, 0x0000000083f00000, 0x0000000083f00000|100%| O|  |TAMS 0x0000000083e00000, 0x0000000083e00000| Untracked 
|   9|0x0000000083f00000, 0x0000000083f1ac00, 0x0000000084000000| 10%| O|  |TAMS 0x0000000083f00000, 0x0000000083f00000| Untracked 
|  10|0x0000000084000000, 0x0000000084000000, 0x0000000084100000|  0%| F|  |TAMS 0x0000000084000000, 0x0000000084000000| Untracked 
|  11|0x0000000084100000, 0x0000000084100000, 0x0000000084200000|  0%| F|  |TAMS 0x0000000084100000, 0x0000000084100000| Untracked 
|  12|0x0000000084200000, 0x0000000084200000, 0x0000000084300000|  0%| F|  |TAMS 0x0000000084200000, 0x0000000084200000| Untracked 
|  13|0x0000000084300000, 0x0000000084300000, 0x0000000084400000|  0%| F|  |TAMS 0x0000000084300000, 0x0000000084300000| Untracked 
|  14|0x0000000084400000, 0x0000000084400000, 0x0000000084500000|  0%| F|  |TAMS 0x0000000084400000, 0x0000000084400000| Untracked 
|  15|0x0000000084500000, 0x0000000084500000, 0x0000000084600000|  0%| F|  |TAMS 0x0000000084500000, 0x0000000084500000| Untracked 
|  16|0x0000000084600000, 0x0000000084600000, 0x0000000084700000|  0%| F|  |TAMS 0x0000000084600000, 0x0000000084600000| Untracked 
|  17|0x0000000084700000, 0x0000000084700000, 0x0000000084800000|  0%| F|  |TAMS 0x0000000084700000, 0x0000000084700000| Untracked 
|  18|0x0000000084800000, 0x0000000084800000, 0x0000000084900000|  0%| F|  |TAMS 0x0000000084800000, 0x0000000084800000| Untracked 
|  19|0x0000000084900000, 0x0000000084900000, 0x0000000084a00000|  0%| F|  |TAMS 0x0000000084900000, 0x0000000084900000| Untracked 
|  20|0x0000000084a00000, 0x0000000084a00000, 0x0000000084b00000|  0%| F|  |TAMS 0x0000000084a00000, 0x0000000084a00000| Untracked 
|  21|0x0000000084b00000, 0x0000000084b00000, 0x0000000084c00000|  0%| F|  |TAMS 0x0000000084b00000, 0x0000000084b00000| Untracked 
|  22|0x0000000084c00000, 0x0000000084c00000, 0x0000000084d00000|  0%| F|  |TAMS 0x0000000084c00000, 0x0000000084c00000| Untracked 
|  23|0x0000000084d00000, 0x0000000084d00000, 0x0000000084e00000|  0%| F|  |TAMS 0x0000000084d00000, 0x0000000084d00000| Untracked 
|  24|0x0000000084e00000, 0x0000000084e00000, 0x0000000084f00000|  0%| F|  |TAMS 0x0000000084e00000, 0x0000000084e00000| Untracked 
|  25|0x0000000084f00000, 0x0000000084f00000, 0x0000000085000000|  0%| F|  |TAMS 0x0000000084f00000, 0x0000000084f00000| Untracked 
|  26|0x0000000085000000, 0x0000000085000000, 0x0000000085100000|  0%| F|  |TAMS 0x0000000085000000, 0x0000000085000000| Untracked 
|  27|0x0000000085100000, 0x0000000085100000, 0x0000000085200000|  0%| F|  |TAMS 0x0000000085100000, 0x0000000085100000| Untracked 
|  28|0x0000000085200000, 0x0000000085200000, 0x0000000085300000|  0%| F|  |TAMS 0x0000000085200000, 0x0000000085200000| Untracked 
|  29|0x0000000085300000, 0x0000000085300000, 0x0000000085400000|  0%| F|  |TAMS 0x0000000085300000, 0x0000000085300000| Untracked 
|  30|0x0000000085400000, 0x0000000085400000, 0x0000000085500000|  0%| F|  |TAMS 0x0000000085400000, 0x0000000085400000| Untracked 
|  31|0x0000000085500000, 0x0000000085500000, 0x0000000085600000|  0%| F|  |TAMS 0x0000000085500000, 0x0000000085500000| Untracked 
|  32|0x0000000085600000, 0x0000000085600000, 0x0000000085700000|  0%| F|  |TAMS 0x0000000085600000, 0x0000000085600000| Untracked 
|  33|0x0000000085700000, 0x0000000085700000, 0x0000000085800000|  0%| F|  |TAMS 0x0000000085700000, 0x0000000085700000| Untracked 
|  34|0x0000000085800000, 0x0000000085800000, 0x0000000085900000|  0%| F|  |TAMS 0x0000000085800000, 0x0000000085800000| Untracked 
|  35|0x0000000085900000, 0x0000000085900000, 0x0000000085a00000|  0%| F|  |TAMS 0x0000000085900000, 0x0000000085900000| Untracked 
|  36|0x0000000085a00000, 0x0000000085a00000, 0x0000000085b00000|  0%| F|  |TAMS 0x0000000085a00000, 0x0000000085a00000| Untracked 
|  37|0x0000000085b00000, 0x0000000085b00000, 0x0000000085c00000|  0%| F|  |TAMS 0x0000000085b00000, 0x0000000085b00000| Untracked 
|  38|0x0000000085c00000, 0x0000000085c00000, 0x0000000085d00000|  0%| F|  |TAMS 0x0000000085c00000, 0x0000000085c00000| Untracked 
|  39|0x0000000085d00000, 0x0000000085d00000, 0x0000000085e00000|  0%| F|  |TAMS 0x0000000085d00000, 0x0000000085d00000| Untracked 
|  40|0x0000000085e00000, 0x0000000085e00000, 0x0000000085f00000|  0%| F|  |TAMS 0x0000000085e00000, 0x0000000085e00000| Untracked 
|  41|0x0000000085f00000, 0x0000000085f00000, 0x0000000086000000|  0%| F|  |TAMS 0x0000000085f00000, 0x0000000085f00000| Untracked 
|  42|0x0000000086000000, 0x0000000086000000, 0x0000000086100000|  0%| F|  |TAMS 0x0000000086000000, 0x0000000086000000| Untracked 
|  43|0x0000000086100000, 0x0000000086100000, 0x0000000086200000|  0%| F|  |TAMS 0x0000000086100000, 0x0000000086100000| Untracked 
|  44|0x0000000086200000, 0x0000000086200000, 0x0000000086300000|  0%| F|  |TAMS 0x0000000086200000, 0x0000000086200000| Untracked 
|  45|0x0000000086300000, 0x0000000086300000, 0x0000000086400000|  0%| F|  |TAMS 0x0000000086300000, 0x0000000086300000| Untracked 
|  46|0x0000000086400000, 0x0000000086400000, 0x0000000086500000|  0%| F|  |TAMS 0x0000000086400000, 0x0000000086400000| Untracked 
|  47|0x0000000086500000, 0x0000000086500000, 0x0000000086600000|  0%| F|  |TAMS 0x0000000086500000, 0x0000000086500000| Untracked 
|  48|0x0000000086600000, 0x0000000086600000, 0x0000000086700000|  0%| F|  |TAMS 0x0000000086600000, 0x0000000086600000| Untracked 
|  49|0x0000000086700000, 0x0000000086700000, 0x0000000086800000|  0%| F|  |TAMS 0x0000000086700000, 0x0000000086700000| Untracked 
|  50|0x0000000086800000, 0x0000000086800000, 0x0000000086900000|  0%| F|  |TAMS 0x0000000086800000, 0x0000000086800000| Untracked 
|  51|0x0000000086900000, 0x0000000086900000, 0x0000000086a00000|  0%| F|  |TAMS 0x0000000086900000, 0x0000000086900000| Untracked 
|  52|0x0000000086a00000, 0x0000000086a00000, 0x0000000086b00000|  0%| F|  |TAMS 0x0000000086a00000, 0x0000000086a00000| Untracked 
|  53|0x0000000086b00000, 0x0000000086b00000, 0x0000000086c00000|  0%| F|  |TAMS 0x0000000086b00000, 0x0000000086b00000| Untracked 
|  54|0x0000000086c00000, 0x0000000086c00000, 0x0000000086d00000|  0%| F|  |TAMS 0x0000000086c00000, 0x0000000086c00000| Untracked 
|  55|0x0000000086d00000, 0x0000000086d00000, 0x0000000086e00000|  0%| F|  |TAMS 0x0000000086d00000, 0x0000000086d00000| Untracked 
|  56|0x0000000086e00000, 0x0000000086e00000, 0x0000000086f00000|  0%| F|  |TAMS 0x0000000086e00000, 0x0000000086e00000| Untracked 
|  57|0x0000000086f00000, 0x0000000086f00000, 0x0000000087000000|  0%| F|  |TAMS 0x0000000086f00000, 0x0000000086f00000| Untracked 
|  58|0x0000000087000000, 0x0000000087000000, 0x0000000087100000|  0%| F|  |TAMS 0x0000000087000000, 0x0000000087000000| Untracked 
|  59|0x0000000087100000, 0x0000000087100000, 0x0000000087200000|  0%| F|  |TAMS 0x0000000087100000, 0x0000000087100000| Untracked 
|  60|0x0000000087200000, 0x0000000087200000, 0x0000000087300000|  0%| F|  |TAMS 0x0000000087200000, 0x0000000087200000| Untracked 
|  61|0x0000000087300000, 0x0000000087300000, 0x0000000087400000|  0%| F|  |TAMS 0x0000000087300000, 0x0000000087300000| Untracked 
|  62|0x0000000087400000, 0x0000000087400000, 0x0000000087500000|  0%| F|  |TAMS 0x0000000087400000, 0x0000000087400000| Untracked 
|  63|0x0000000087500000, 0x0000000087500000, 0x0000000087600000|  0%| F|  |TAMS 0x0000000087500000, 0x0000000087500000| Untracked 
|  64|0x0000000087600000, 0x0000000087600000, 0x0000000087700000|  0%| F|  |TAMS 0x0000000087600000, 0x0000000087600000| Untracked 
|  65|0x0000000087700000, 0x0000000087700000, 0x0000000087800000|  0%| F|  |TAMS 0x0000000087700000, 0x0000000087700000| Untracked 
|  66|0x0000000087800000, 0x0000000087800000, 0x0000000087900000|  0%| F|  |TAMS 0x0000000087800000, 0x0000000087800000| Untracked 
|  67|0x0000000087900000, 0x0000000087900000, 0x0000000087a00000|  0%| F|  |TAMS 0x0000000087900000, 0x0000000087900000| Untracked 
|  68|0x0000000087a00000, 0x0000000087a00000, 0x0000000087b00000|  0%| F|  |TAMS 0x0000000087a00000, 0x0000000087a00000| Untracked 
|  69|0x0000000087b00000, 0x0000000087b00000, 0x0000000087c00000|  0%| F|  |TAMS 0x0000000087b00000, 0x0000000087b00000| Untracked 
|  70|0x0000000087c00000, 0x0000000087c00000, 0x0000000087d00000|  0%| F|  |TAMS 0x0000000087c00000, 0x0000000087c00000| Untracked 
|  71|0x0000000087d00000, 0x0000000087d00000, 0x0000000087e00000|  0%| F|  |TAMS 0x0000000087d00000, 0x0000000087d00000| Untracked 
|  72|0x0000000087e00000, 0x0000000087e00000, 0x0000000087f00000|  0%| F|  |TAMS 0x0000000087e00000, 0x0000000087e00000| Untracked 
|  73|0x0000000087f00000, 0x0000000087f00000, 0x0000000088000000|  0%| F|  |TAMS 0x0000000087f00000, 0x0000000087f00000| Untracked 
|  74|0x0000000088000000, 0x0000000088000000, 0x0000000088100000|  0%| F|  |TAMS 0x0000000088000000, 0x0000000088000000| Untracked 
|  75|0x0000000088100000, 0x0000000088100000, 0x0000000088200000|  0%| F|  |TAMS 0x0000000088100000, 0x0000000088100000| Untracked 
|  76|0x0000000088200000, 0x0000000088200000, 0x0000000088300000|  0%| F|  |TAMS 0x0000000088200000, 0x0000000088200000| Untracked 
|  77|0x0000000088300000, 0x0000000088300000, 0x0000000088400000|  0%| F|  |TAMS 0x0000000088300000, 0x0000000088300000| Untracked 
|  78|0x0000000088400000, 0x0000000088400000, 0x0000000088500000|  0%| F|  |TAMS 0x0000000088400000, 0x0000000088400000| Untracked 
|  79|0x0000000088500000, 0x0000000088500000, 0x0000000088600000|  0%| F|  |TAMS 0x0000000088500000, 0x0000000088500000| Untracked 
|  80|0x0000000088600000, 0x0000000088600000, 0x0000000088700000|  0%| F|  |TAMS 0x0000000088600000, 0x0000000088600000| Untracked 
|  81|0x0000000088700000, 0x0000000088700000, 0x0000000088800000|  0%| F|  |TAMS 0x0000000088700000, 0x0000000088700000| Untracked 
|  82|0x0000000088800000, 0x0000000088800000, 0x0000000088900000|  0%| F|  |TAMS 0x0000000088800000, 0x0000000088800000| Untracked 
|  83|0x0000000088900000, 0x0000000088900000, 0x0000000088a00000|  0%| F|  |TAMS 0x0000000088900000, 0x0000000088900000| Untracked 
|  84|0x0000000088a00000, 0x0000000088a00000, 0x0000000088b00000|  0%| F|  |TAMS 0x0000000088a00000, 0x0000000088a00000| Untracked 
|  85|0x0000000088b00000, 0x0000000088b00000, 0x0000000088c00000|  0%| F|  |TAMS 0x0000000088b00000, 0x0000000088b00000| Untracked 
|  86|0x0000000088c00000, 0x0000000088c00000, 0x0000000088d00000|  0%| F|  |TAMS 0x0000000088c00000, 0x0000000088c00000| Untracked 
|  87|0x0000000088d00000, 0x0000000088d00000, 0x0000000088e00000|  0%| F|  |TAMS 0x0000000088d00000, 0x0000000088d00000| Untracked 
|  88|0x0000000088e00000, 0x0000000088e00000, 0x0000000088f00000|  0%| F|  |TAMS 0x0000000088e00000, 0x0000000088e00000| Untracked 
|  89|0x0000000088f00000, 0x0000000088f00000, 0x0000000089000000|  0%| F|  |TAMS 0x0000000088f00000, 0x0000000088f00000| Untracked 
|  90|0x0000000089000000, 0x0000000089000000, 0x0000000089100000|  0%| F|  |TAMS 0x0000000089000000, 0x0000000089000000| Untracked 
|  91|0x0000000089100000, 0x0000000089100000, 0x0000000089200000|  0%| F|  |TAMS 0x0000000089100000, 0x0000000089100000| Untracked 
|  92|0x0000000089200000, 0x0000000089200000, 0x0000000089300000|  0%| F|  |TAMS 0x0000000089200000, 0x0000000089200000| Untracked 
|  93|0x0000000089300000, 0x0000000089300000, 0x0000000089400000|  0%| F|  |TAMS 0x0000000089300000, 0x0000000089300000| Untracked 
|  94|0x0000000089400000, 0x0000000089400000, 0x0000000089500000|  0%| F|  |TAMS 0x0000000089400000, 0x0000000089400000| Untracked 
|  95|0x0000000089500000, 0x0000000089500000, 0x0000000089600000|  0%| F|  |TAMS 0x0000000089500000, 0x0000000089500000| Untracked 
|  96|0x0000000089600000, 0x0000000089600000, 0x0000000089700000|  0%| F|  |TAMS 0x0000000089600000, 0x0000000089600000| Untracked 
|  97|0x0000000089700000, 0x0000000089700000, 0x0000000089800000|  0%| F|  |TAMS 0x0000000089700000, 0x0000000089700000| Untracked 
|  98|0x0000000089800000, 0x0000000089800000, 0x0000000089900000|  0%| F|  |TAMS 0x0000000089800000, 0x0000000089800000| Untracked 
|  99|0x0000000089900000, 0x0000000089900000, 0x0000000089a00000|  0%| F|  |TAMS 0x0000000089900000, 0x0000000089900000| Untracked 
| 100|0x0000000089a00000, 0x0000000089b00000, 0x0000000089b00000|100%| S|CS|TAMS 0x0000000089a00000, 0x0000000089a00000| Complete 
| 101|0x0000000089b00000, 0x0000000089c00000, 0x0000000089c00000|100%| S|CS|TAMS 0x0000000089b00000, 0x0000000089b00000| Complete 
| 102|0x0000000089c00000, 0x0000000089d00000, 0x0000000089d00000|100%| S|CS|TAMS 0x0000000089c00000, 0x0000000089c00000| Complete 
| 103|0x0000000089d00000, 0x0000000089d00000, 0x0000000089e00000|  0%| F|  |TAMS 0x0000000089d00000, 0x0000000089d00000| Untracked 
| 104|0x0000000089e00000, 0x0000000089e00000, 0x0000000089f00000|  0%| F|  |TAMS 0x0000000089e00000, 0x0000000089e00000| Untracked 
| 105|0x0000000089f00000, 0x0000000089f00000, 0x000000008a000000|  0%| F|  |TAMS 0x0000000089f00000, 0x0000000089f00000| Untracked 
| 106|0x000000008a000000, 0x000000008a000000, 0x000000008a100000|  0%| F|  |TAMS 0x000000008a000000, 0x000000008a000000| Untracked 
| 107|0x000000008a100000, 0x000000008a100000, 0x000000008a200000|  0%| F|  |TAMS 0x000000008a100000, 0x000000008a100000| Untracked 
| 108|0x000000008a200000, 0x000000008a200000, 0x000000008a300000|  0%| F|  |TAMS 0x000000008a200000, 0x000000008a200000| Untracked 
| 109|0x000000008a300000, 0x000000008a300000, 0x000000008a400000|  0%| F|  |TAMS 0x000000008a300000, 0x000000008a300000| Untracked 
| 110|0x000000008a400000, 0x000000008a400000, 0x000000008a500000|  0%| F|  |TAMS 0x000000008a400000, 0x000000008a400000| Untracked 
| 111|0x000000008a500000, 0x000000008a500000, 0x000000008a600000|  0%| F|  |TAMS 0x000000008a500000, 0x000000008a500000| Untracked 
| 112|0x000000008a600000, 0x000000008a600000, 0x000000008a700000|  0%| F|  |TAMS 0x000000008a600000, 0x000000008a600000| Untracked 
| 113|0x000000008a700000, 0x000000008a700000, 0x000000008a800000|  0%| F|  |TAMS 0x000000008a700000, 0x000000008a700000| Untracked 
| 114|0x000000008a800000, 0x000000008a876460, 0x000000008a900000| 46%| E|  |TAMS 0x000000008a800000, 0x000000008a800000| Complete 
| 115|0x000000008a900000, 0x000000008aa00000, 0x000000008aa00000|100%| E|CS|TAMS 0x000000008a900000, 0x000000008a900000| Complete 
| 116|0x000000008aa00000, 0x000000008ab00000, 0x000000008ab00000|100%| E|CS|TAMS 0x000000008aa00000, 0x000000008aa00000| Complete 
| 117|0x000000008ab00000, 0x000000008ac00000, 0x000000008ac00000|100%| E|CS|TAMS 0x000000008ab00000, 0x000000008ab00000| Complete 
| 118|0x000000008ac00000, 0x000000008ad00000, 0x000000008ad00000|100%| E|CS|TAMS 0x000000008ac00000, 0x000000008ac00000| Complete 
| 119|0x000000008ad00000, 0x000000008ae00000, 0x000000008ae00000|100%| E|CS|TAMS 0x000000008ad00000, 0x000000008ad00000| Complete 
| 120|0x000000008ae00000, 0x000000008af00000, 0x000000008af00000|100%| E|CS|TAMS 0x000000008ae00000, 0x000000008ae00000| Complete 
| 121|0x000000008af00000, 0x000000008b000000, 0x000000008b000000|100%| E|CS|TAMS 0x000000008af00000, 0x000000008af00000| Complete 
| 122|0x000000008b000000, 0x000000008b100000, 0x000000008b100000|100%| E|CS|TAMS 0x000000008b000000, 0x000000008b000000| Complete 
| 123|0x000000008b100000, 0x000000008b200000, 0x000000008b200000|100%| E|CS|TAMS 0x000000008b100000, 0x000000008b100000| Complete 
| 124|0x000000008b200000, 0x000000008b300000, 0x000000008b300000|100%| E|CS|TAMS 0x000000008b200000, 0x000000008b200000| Complete 
| 125|0x000000008b300000, 0x000000008b400000, 0x000000008b400000|100%| E|CS|TAMS 0x000000008b300000, 0x000000008b300000| Complete 

Card table byte_map: [0x000001a9d8a20000,0x000001a9d8e10000] _byte_map_base: 0x000001a9d8605000

Marking Bits (Prev, Next): (CMBitMap*) 0x000001a9c5e9a620, (CMBitMap*) 0x000001a9c5e9a660
 Prev Bits: [0x000001a9d9200000, 0x000001a9db128000)
 Next Bits: [0x000001a9db130000, 0x000001a9dd058000)

Polling page: 0x000001a9c3dd0000

Metaspace:

Usage:
  Non-class:     13.11 MB used.
      Class:      1.73 MB used.
       Both:     14.84 MB used.

Virtual space:
  Non-class space:       16.00 MB reserved,      13.19 MB ( 82%) committed,  2 nodes.
      Class space:        1.00 GB reserved,       1.81 MB ( <1%) committed,  1 nodes.
             Both:        1.02 GB reserved,      15.00 MB (  1%) committed. 

Chunk freelists:
   Non-Class:  2.34 MB
       Class:  2.22 MB
        Both:  4.56 MB

MaxMetaspaceSize: unlimited
CompressedClassSpaceSize: 1.00 GB
Initial GC threshold: 21.00 MB
Current GC threshold: 21.00 MB
CDS: off
MetaspaceReclaimPolicy: balanced
 - commit_granule_bytes: 65536.
 - commit_granule_words: 8192.
 - virtual_space_node_default_size: 1048576.
 - enlarge_chunks_in_place: 1.
 - new_chunks_are_fully_committed: 0.
 - uncommit_free_chunks: 1.
 - use_allocation_guard: 0.
 - handle_deallocations: 1.


Internal statistics:

num_allocs_failed_limit: 0.
num_arena_births: 74.
num_arena_deaths: 0.
num_vsnodes_births: 3.
num_vsnodes_deaths: 0.
num_space_committed: 240.
num_space_uncommitted: 0.
num_chunks_returned_to_freelist: 0.
num_chunks_taken_from_freelist: 274.
num_chunk_merges: 0.
num_chunk_splits: 177.
num_chunks_enlarged: 149.
num_purges: 0.
num_inconsistent_stats: 0.

CodeHeap 'non-profiled nmethods': size=120000Kb used=423Kb max_used=423Kb free=119576Kb
 bounds [0x000001a9d0dd0000, 0x000001a9d1040000, 0x000001a9d8300000]
CodeHeap 'profiled nmethods': size=120000Kb used=2093Kb max_used=2093Kb free=117907Kb
 bounds [0x000001a9c9300000, 0x000001a9c9570000, 0x000001a9d0830000]
CodeHeap 'non-nmethods': size=5760Kb used=1165Kb max_used=1179Kb free=4594Kb
 bounds [0x000001a9d0830000, 0x000001a9d0aa0000, 0x000001a9d0dd0000]
 total_blobs=1572 nmethods=1125 adapters=360
 compilation: enabled
              stopped_count=0, restarted_count=0
 full_count=0

Compilation events (20 events):
Event: 15.473 Thread 0x000001a9e0470160 1116       3       jdk.internal.util.Preconditions::checkFromIndexSize (25 bytes)
Event: 15.474 Thread 0x000001a9e0470160 nmethod 1116 0x000001a9c9507a90 code [0x000001a9c9507c40, 0x000001a9c9507e08]
Event: 15.474 Thread 0x000001a9e0470160 1117       3       java.io.BufferedInputStream::getBufIfOpen (21 bytes)
Event: 15.474 Thread 0x000001a9e0470160 nmethod 1117 0x000001a9c9507f10 code [0x000001a9c95080c0, 0x000001a9c95082e8]
Event: 15.486 Thread 0x000001a9e0470160 1118       3       java.lang.StringBuilder::append (8 bytes)
Event: 15.486 Thread 0x000001a9e0470160 nmethod 1118 0x000001a9c9508410 code [0x000001a9c95085a0, 0x000001a9c95086e8]
Event: 15.489 Thread 0x000001a9e046eb20 1119       4       java.lang.AbstractStringBuilder::putStringAt (12 bytes)
Event: 15.493 Thread 0x000001a9e046eb20 nmethod 1119 0x000001a9d0e39490 code [0x000001a9d0e39620, 0x000001a9d0e397f8]
Event: 15.496 Thread 0x000001a9e0470160 1120       3       jdk.internal.loader.BuiltinClassLoader::moduleReaderFor (45 bytes)
Event: 15.497 Thread 0x000001a9e0470160 nmethod 1120 0x000001a9c9508790 code [0x000001a9c9508980, 0x000001a9c9509038]
Event: 15.497 Thread 0x000001a9e0470160 1121       3       jdk.internal.module.SystemModuleFinders$SystemModuleReader::find (59 bytes)
Event: 15.499 Thread 0x000001a9e0470160 nmethod 1121 0x000001a9c9509210 code [0x000001a9c95094c0, 0x000001a9c950a0c8]
Event: 15.514 Thread 0x000001a9e0470160 1122       3       java.lang.invoke.MemberName::getModifiers (8 bytes)
Event: 15.515 Thread 0x000001a9e0470160 nmethod 1122 0x000001a9c950a590 code [0x000001a9c950a720, 0x000001a9c950a838]
Event: 15.515 Thread 0x000001a9e0470160 1123       3       sun.invoke.util.BytecodeDescriptor::unparse (24 bytes)
Event: 15.516 Thread 0x000001a9e0470160 nmethod 1123 0x000001a9c950a910 code [0x000001a9c950aac0, 0x000001a9c950acc8]
Event: 15.523 Thread 0x000001a9e046eb20 1124       4       java.lang.String::startsWith (138 bytes)
Event: 15.523 Thread 0x000001a9e0470160 1125       3       java.lang.AbstractStringBuilder::append (45 bytes)
Event: 15.524 Thread 0x000001a9e0470160 nmethod 1125 0x000001a9c950ad90 code [0x000001a9c950af60, 0x000001a9c950b2a8]
Event: 15.533 Thread 0x000001a9e046eb20 nmethod 1124 0x000001a9d0e39990 code [0x000001a9d0e39b20, 0x000001a9d0e39dd8]

GC Heap History (2 events):
Event: 5.358 GC heap before
{Heap before GC invocations=0 (full 0):
 garbage-first heap   total 129024K, used 28672K [0x0000000083600000, 0x0000000100000000)
  region size 1024K, 23 young (23552K), 0 survivors (0K)
 Metaspace       used 11284K, committed 11456K, reserved 1064960K
  class space    used 1194K, committed 1280K, reserved 1048576K
}
Event: 5.411 GC heap after
{Heap after GC invocations=1 (full 0):
 garbage-first heap   total 129024K, used 9323K [0x0000000083600000, 0x0000000100000000)
  region size 1024K, 3 young (3072K), 3 survivors (3072K)
 Metaspace       used 11284K, committed 11456K, reserved 1064960K
  class space    used 1194K, committed 1280K, reserved 1048576K
}

Dll operation events (2 events):
Event: 0.011 Loaded shared library C:\Program Files\Android\Android Studio\jre\bin\java.dll
Event: 0.479 Loaded shared library C:\Program Files\Android\Android Studio\jre\bin\verify.dll

Deoptimization events (20 events):
Event: 13.494 Thread 0x000001a9c5e3fc20 Uncommon trap: trap_request=0xffffff45 fr.pc=0x000001a9d0e03868 relative=0x0000000000000f48
Event: 13.494 Thread 0x000001a9c5e3fc20 Uncommon trap: reason=unstable_if action=reinterpret pc=0x000001a9d0e03868 method=java.util.HashMap.putVal(ILjava/lang/Object;Ljava/lang/Object;ZZ)Ljava/lang/Object; @ 236 c2
Event: 13.494 Thread 0x000001a9c5e3fc20 DEOPT PACKING pc=0x000001a9d0e03868 sp=0x0000005cc8afbc60
Event: 13.494 Thread 0x000001a9c5e3fc20 DEOPT UNPACKING pc=0x000001a9d088a1a3 sp=0x0000005cc8afbc38 mode 2
Event: 13.643 Thread 0x000001a9c5e3fc20 DEOPT PACKING pc=0x000001a9c93977e5 sp=0x0000005cc8afb3d0
Event: 13.643 Thread 0x000001a9c5e3fc20 DEOPT UNPACKING pc=0x000001a9d088ace3 sp=0x0000005cc8afa820 mode 0
Event: 14.058 Thread 0x000001a9c5e3fc20 DEOPT PACKING pc=0x000001a9c93f2538 sp=0x0000005cc8af6b00
Event: 14.058 Thread 0x000001a9c5e3fc20 DEOPT UNPACKING pc=0x000001a9d088ace3 sp=0x0000005cc8af6018 mode 0
Event: 14.607 Thread 0x000001a9c5e3fc20 Uncommon trap: trap_request=0xffffff45 fr.pc=0x000001a9d0e1b28c relative=0x0000000000001ccc
Event: 14.607 Thread 0x000001a9c5e3fc20 Uncommon trap: reason=unstable_if action=reinterpret pc=0x000001a9d0e1b28c method=java.io.WinNTFileSystem.normalize(Ljava/lang/String;)Ljava/lang/String; @ 128 c2
Event: 14.607 Thread 0x000001a9c5e3fc20 DEOPT PACKING pc=0x000001a9d0e1b28c sp=0x0000005cc8afb750
Event: 14.607 Thread 0x000001a9c5e3fc20 DEOPT UNPACKING pc=0x000001a9d088a1a3 sp=0x0000005cc8afb738 mode 2
Event: 15.485 Thread 0x000001a9c5e3fc20 Uncommon trap: trap_request=0xffffff45 fr.pc=0x000001a9d0e07b4c relative=0x000000000000068c
Event: 15.485 Thread 0x000001a9c5e3fc20 Uncommon trap: reason=unstable_if action=reinterpret pc=0x000001a9d0e07b4c method=java.lang.AbstractStringBuilder.append(Ljava/lang/String;)Ljava/lang/AbstractStringBuilder; @ 1 c2
Event: 15.485 Thread 0x000001a9c5e3fc20 DEOPT PACKING pc=0x000001a9d0e07b4c sp=0x0000005cc8afc4c0
Event: 15.485 Thread 0x000001a9c5e3fc20 DEOPT UNPACKING pc=0x000001a9d088a1a3 sp=0x0000005cc8afc440 mode 2
Event: 15.487 Thread 0x000001a9c5e3fc20 Uncommon trap: trap_request=0xffffff45 fr.pc=0x000001a9d0e05464 relative=0x00000000000006a4
Event: 15.487 Thread 0x000001a9c5e3fc20 Uncommon trap: reason=unstable_if action=reinterpret pc=0x000001a9d0e05464 method=java.lang.AbstractStringBuilder.append(Ljava/lang/String;)Ljava/lang/AbstractStringBuilder; @ 1 c2
Event: 15.487 Thread 0x000001a9c5e3fc20 DEOPT PACKING pc=0x000001a9d0e05464 sp=0x0000005cc8afc480
Event: 15.487 Thread 0x000001a9c5e3fc20 DEOPT UNPACKING pc=0x000001a9d088a1a3 sp=0x0000005cc8afc458 mode 2

Classes unloaded (0 events):
No events

Classes redefined (0 events):
No events

Internal exceptions (19 events):
Event: 1.407 Thread 0x000001a9c5e3fc20 Exception <a 'java/lang/NoSuchMethodError'{0x000000008b0262c0}: 'int java.lang.invoke.DirectMethodHandle$Holder.invokeStaticInit(java.lang.Object, java.lang.Object)'> (0x000000008b0262c0) 
thrown [s\src\hotspot\share\interpreter\linkResolver.cpp, line 771]
Event: 5.154 Thread 0x000001a9c5e3fc20 Exception <a 'java/lang/NoSuchMethodError'{0x0000000089faca38}: 'void java.lang.invoke.DirectMethodHandle$Holder.invokeStatic(java.lang.Object, java.lang.Object)'> (0x0000000089faca38) 
thrown [s\src\hotspot\share\interpreter\linkResolver.cpp, line 771]
Event: 5.228 Thread 0x000001a9c5e3fc20 Exception <a 'java/lang/NoClassDefFoundError'{0x0000000089e34738}: org/slf4j/impl/StaticMarkerBinder> (0x0000000089e34738) 
thrown [s\src\hotspot\share\classfile\systemDictionary.cpp, line 245]
Event: 5.270 Thread 0x000001a9c5e3fc20 Exception <a 'java/lang/NoSuchMethodError'{0x0000000089ecf8d0}: 'java.lang.Object java.lang.invoke.DirectMethodHandle$Holder.invokeVirtual(java.lang.Object, java.lang.Object, java.lang.Object, java.lang.Object, java.lang.Object, java.lang.Object, java.lang.Object)'> (0x0000000089ecf8d0) 
thrown [s\src\hotspot\share\interpreter\linkResolver.cpp, line 771]
Event: 5.273 Thread 0x000001a9c5e3fc20 Exception <a 'java/lang/NoSuchMethodError'{0x0000000089ee1430}: 'java.lang.Object java.lang.invoke.Invokers$Holder.invoker(java.lang.Object, java.lang.Object, java.lang.Object)'> (0x0000000089ee1430) 
thrown [s\src\hotspot\share\interpreter\linkResolver.cpp, line 771]
Event: 5.278 Thread 0x000001a9c5e3fc20 Exception <a 'java/lang/NoSuchMethodError'{0x0000000089eea4d8}: 'java.lang.Object java.lang.invoke.DirectMethodHandle$Holder.invokeStatic(java.lang.Object, java.lang.Object, int)'> (0x0000000089eea4d8) 
thrown [s\src\hotspot\share\interpreter\linkResolver.cpp, line 771]
Event: 5.279 Thread 0x000001a9c5e3fc20 Exception <a 'java/lang/NoSuchMethodError'{0x0000000089ef6438}: 'void java.lang.invoke.DelegatingMethodHandle$Holder.delegate(java.lang.Object, java.lang.Object, int, java.lang.Object)'> (0x0000000089ef6438) 
thrown [s\src\hotspot\share\interpreter\linkResolver.cpp, line 771]
Event: 5.279 Thread 0x000001a9c5e3fc20 Exception <a 'java/lang/NoSuchMethodError'{0x0000000089efa580}: 'int java.lang.invoke.DirectMethodHandle$Holder.invokeSpecial(java.lang.Object, java.lang.Object, java.lang.Object)'> (0x0000000089efa580) 
thrown [s\src\hotspot\share\interpreter\linkResolver.cpp, line 771]
Event: 5.282 Thread 0x000001a9c5e3fc20 Exception <a 'java/lang/NoSuchMethodError'{0x0000000089d0dd58}: 'java.lang.Object java.lang.invoke.Invokers$Holder.invokeExact_MT(java.lang.Object, java.lang.Object, java.lang.Object, java.lang.Object)'> (0x0000000089d0dd58) 
thrown [s\src\hotspot\share\interpreter\linkResolver.cpp, line 771]
Event: 12.635 Thread 0x000001a9c5e3fc20 Exception <a 'java/lang/NoSuchMethodError'{0x000000008b01d7c0}: 'java.lang.Object java.lang.invoke.DirectMethodHandle$Holder.invokeInterface(java.lang.Object, java.lang.Object, java.lang.Object)'> (0x000000008b01d7c0) 
thrown [s\src\hotspot\share\interpreter\linkResolver.cpp, line 771]
Event: 12.660 Thread 0x000001a9c5e3fc20 Exception <a 'java/lang/NoSuchMethodError'{0x000000008b03f160}: 'void java.lang.invoke.DirectMethodHandle$Holder.invokeSpecial(java.lang.Object, java.lang.Object, java.lang.Object)'> (0x000000008b03f160) 
thrown [s\src\hotspot\share\interpreter\linkResolver.cpp, line 771]
Event: 12.846 Thread 0x000001a9c5e3fc20 Implicit null exception at 0x000001a9d0e1898c to 0x000001a9d0e18ed0
Event: 12.850 Thread 0x000001a9c5e3fc20 Implicit null exception at 0x000001a9d0e0b60f to 0x000001a9d0e0bb54
Event: 13.164 Thread 0x000001a9c5e3fc20 Exception <a 'java/lang/NoSuchMethodError'{0x000000008ae16830}: 'java.lang.Object java.lang.invoke.DirectMethodHandle$Holder.invokeStaticInit(java.lang.Object)'> (0x000000008ae16830) 
thrown [s\src\hotspot\share\interpreter\linkResolver.cpp, line 771]
Event: 14.210 Thread 0x000001a9c5e3fc20 Exception <a 'java/lang/NoSuchMethodError'{0x000000008aa0e068}: 'java.lang.Object java.lang.invoke.DirectMethodHandle$Holder.invokeStaticInit(java.lang.Object, int, int, int, int)'> (0x000000008aa0e068) 
thrown [s\src\hotspot\share\interpreter\linkResolver.cpp, line 771]
Event: 15.105 Thread 0x000001a9c5e3fc20 Exception <a 'java/lang/NoSuchMethodError'{0x000000008aae70b8}: 'java.lang.Object java.lang.invoke.DirectMethodHandle$Holder.invokeStaticInit(java.lang.Object, java.lang.Object, int, int, int, int)'> (0x000000008aae70b8) 
thrown [s\src\hotspot\share\interpreter\linkResolver.cpp, line 771]
Event: 15.427 Thread 0x000001a9c5e3fc20 Exception <a 'java/lang/NoSuchMethodError'{0x000000008a914278}: 'void java.lang.invoke.DirectMethodHandle$Holder.invokeStatic(java.lang.Object, java.lang.Object, java.lang.Object)'> (0x000000008a914278) 
thrown [s\src\hotspot\share\interpreter\linkResolver.cpp, line 771]
Event: 15.485 Thread 0x000001a9c5e3fc20 Implicit null exception at 0x000001a9d0e074f2 to 0x000001a9d0e07b34
Event: 15.487 Thread 0x000001a9c5e3fc20 Implicit null exception at 0x000001a9d0e04df2 to 0x000001a9d0e0544c

VM Operations (20 events):
Event: 3.474 Executing VM operation: Cleanup
Event: 3.474 Executing VM operation: Cleanup done
Event: 4.488 Executing VM operation: Cleanup
Event: 4.488 Executing VM operation: Cleanup done
Event: 4.727 Executing VM operation: HandshakeAllThreads
Event: 4.727 Executing VM operation: HandshakeAllThreads done
Event: 5.277 Executing VM operation: HandshakeAllThreads
Event: 5.277 Executing VM operation: HandshakeAllThreads done
Event: 5.357 Executing VM operation: G1CollectForAllocation
Event: 5.411 Executing VM operation: G1CollectForAllocation done
Event: 11.790 Executing VM operation: Cleanup
Event: 11.790 Executing VM operation: Cleanup done
Event: 12.806 Executing VM operation: Cleanup
Event: 12.806 Executing VM operation: Cleanup done
Event: 13.814 Executing VM operation: Cleanup
Event: 13.814 Executing VM operation: Cleanup done
Event: 13.978 Executing VM operation: HandshakeAllThreads
Event: 13.978 Executing VM operation: HandshakeAllThreads done
Event: 14.630 Executing VM operation: HandshakeAllThreads
Event: 14.631 Executing VM operation: HandshakeAllThreads done

Events (20 events):
Event: 15.508 loading class sun/nio/ch/SocketDispatcher done
Event: 15.508 loading class sun/nio/ch/SocketAdaptor
Event: 15.509 loading class java/net/Socket
Event: 15.513 loading class java/net/Socket done
Event: 15.513 loading class sun/nio/ch/SocketAdaptor done
Event: 15.516 loading class sun/nio/ch/DummySocketImpl
Event: 15.517 loading class java/net/SocketImpl
Event: 15.517 loading class java/net/SocketOptions
Event: 15.517 loading class java/net/SocketOptions done
Event: 15.517 loading class java/net/SocketImpl done
Event: 15.517 loading class sun/nio/ch/DummySocketImpl done
Event: 15.518 loading class sun/net/NetHooks
Event: 15.518 loading class sun/net/NetHooks done
Event: 15.536 loading class java/nio/DirectByteBuffer$Deallocator
Event: 15.537 loading class java/nio/DirectByteBuffer$Deallocator done
Event: 15.537 loading class java/nio/channels/ClosedSelectorException
Event: 15.537 loading class java/nio/channels/ClosedSelectorException done
Event: 15.537 loading class java/nio/channels/Selector
Event: 15.538 loading class java/nio/channels/Selector done
Event: 15.538 loading class sun/nio/ch/WEPollSelectorImpl


Dynamic libraries:
0x00007ff6f1f00000 - 0x00007ff6f1f0a000 	C:\Program Files\Android\Android Studio\jre\bin\java.exe
0x00007fff7f730000 - 0x00007fff7f947000 	C:\WINDOWS\SYSTEM32\ntdll.dll
0x00007fff7e8c0000 - 0x00007fff7e984000 	C:\WINDOWS\System32\KERNEL32.DLL
0x00007fff7cf50000 - 0x00007fff7d2f6000 	C:\WINDOWS\System32\KERNELBASE.dll
0x00007fff7ccd0000 - 0x00007fff7cde1000 	C:\WINDOWS\System32\ucrtbase.dll
0x00007fff71660000 - 0x00007fff71677000 	C:\Program Files\Android\Android Studio\jre\bin\jli.dll
0x00007fff70870000 - 0x00007fff7088b000 	C:\Program Files\Android\Android Studio\jre\bin\VCRUNTIME140.dll
0x00007fff7eaf0000 - 0x00007fff7ec9e000 	C:\WINDOWS\System32\USER32.dll
0x00007fff7d300000 - 0x00007fff7d326000 	C:\WINDOWS\System32\win32u.dll
0x00007fff7d5f0000 - 0x00007fff7d619000 	C:\WINDOWS\System32\GDI32.dll
0x00007fff7d330000 - 0x00007fff7d448000 	C:\WINDOWS\System32\gdi32full.dll
0x00007fff7ceb0000 - 0x00007fff7cf4a000 	C:\WINDOWS\System32\msvcp_win.dll
0x00007fff62000000 - 0x00007fff62293000 	C:\WINDOWS\WinSxS\amd64_microsoft.windows.common-controls_6595b64144ccf1df_6.0.22621.2506_none_270c5ae97388e100\COMCTL32.dll
0x00007fff7de90000 - 0x00007fff7df37000 	C:\WINDOWS\System32\msvcrt.dll
0x00007fff7d720000 - 0x00007fff7d751000 	C:\WINDOWS\System32\IMM32.DLL
0x00007fff76440000 - 0x00007fff7644c000 	C:\Program Files\Android\Android Studio\jre\bin\vcruntime140_1.dll
0x00007fff5d2b0000 - 0x00007fff5d33d000 	C:\Program Files\Android\Android Studio\jre\bin\msvcp140.dll
0x00007fff0fdc0000 - 0x00007fff10a2e000 	C:\Program Files\Android\Android Studio\jre\bin\server\jvm.dll
0x00007fff7f3c0000 - 0x00007fff7f473000 	C:\WINDOWS\System32\ADVAPI32.dll
0x00007fff7e810000 - 0x00007fff7e8b8000 	C:\WINDOWS\System32\sechost.dll
0x00007fff7d450000 - 0x00007fff7d478000 	C:\WINDOWS\System32\bcrypt.dll
0x00007fff7d480000 - 0x00007fff7d597000 	C:\WINDOWS\System32\RPCRT4.dll
0x00007fff6ba20000 - 0x00007fff6ba29000 	C:\WINDOWS\SYSTEM32\WSOCK32.dll
0x00007fff7f570000 - 0x00007fff7f5e1000 	C:\WINDOWS\System32\WS2_32.dll
0x00007fff6e600000 - 0x00007fff6e60a000 	C:\WINDOWS\SYSTEM32\VERSION.dll
0x00007fff75110000 - 0x00007fff75144000 	C:\WINDOWS\SYSTEM32\WINMM.dll
0x00007fff7bba0000 - 0x00007fff7bbb8000 	C:\WINDOWS\SYSTEM32\kernel.appcore.dll
0x00007fff71650000 - 0x00007fff7165a000 	C:\Program Files\Android\Android Studio\jre\bin\jimage.dll
0x00007fff79aa0000 - 0x00007fff79cd3000 	C:\WINDOWS\SYSTEM32\DBGHELP.DLL
0x00007fff7daf0000 - 0x00007fff7de79000 	C:\WINDOWS\System32\combase.dll
0x00007fff7f2e0000 - 0x00007fff7f3b7000 	C:\WINDOWS\System32\OLEAUT32.dll
0x00007fff6e9d0000 - 0x00007fff6ea02000 	C:\WINDOWS\SYSTEM32\dbgcore.DLL
0x00007fff7ca70000 - 0x00007fff7caea000 	C:\WINDOWS\System32\bcryptPrimitives.dll
0x00007fff6bae0000 - 0x00007fff6bb05000 	C:\Program Files\Android\Android Studio\jre\bin\java.dll
0x00007fff540d0000 - 0x00007fff540e8000 	C:\Program Files\Android\Android Studio\jre\bin\zip.dll
0x00007fff7dfb0000 - 0x00007fff7e80b000 	C:\WINDOWS\System32\SHELL32.dll
0x00007fff7a9d0000 - 0x00007fff7b2c6000 	C:\WINDOWS\SYSTEM32\windows.storage.dll
0x00007fff7a890000 - 0x00007fff7a9ce000 	C:\WINDOWS\SYSTEM32\wintypes.dll
0x00007fff7f5f0000 - 0x00007fff7f6e3000 	C:\WINDOWS\System32\SHCORE.dll
0x00007fff7df50000 - 0x00007fff7dfae000 	C:\WINDOWS\System32\shlwapi.dll
0x00007fff7c9a0000 - 0x00007fff7c9c6000 	C:\WINDOWS\SYSTEM32\profapi.dll
0x00007fff52ef0000 - 0x00007fff52f09000 	C:\Program Files\Android\Android Studio\jre\bin\net.dll
0x00007fff77680000 - 0x00007fff777b7000 	C:\WINDOWS\SYSTEM32\WINHTTP.dll
0x00007fff7c020000 - 0x00007fff7c089000 	C:\WINDOWS\system32\mswsock.dll
0x00007fff52ed0000 - 0x00007fff52ee6000 	C:\Program Files\Android\Android Studio\jre\bin\nio.dll
0x00007fff66c60000 - 0x00007fff66c70000 	C:\Program Files\Android\Android Studio\jre\bin\verify.dll
0x00007fff52e30000 - 0x00007fff52e57000 	C:\Users\Lenovo\.gradle\native\e1d6ef7f7dcc3fd88c89a11ec53ec762bb8ba0a96d01ffa2cd45eb1d1d8dd5c5\windows-amd64\native-platform.dll
0x00007fff66540000 - 0x00007fff66549000 	C:\Program Files\Android\Android Studio\jre\bin\management.dll
0x00007fff632c0000 - 0x00007fff632cb000 	C:\Program Files\Android\Android Studio\jre\bin\management_ext.dll
0x00007fff7f500000 - 0x00007fff7f508000 	C:\WINDOWS\System32\PSAPI.DLL
0x00007fff7c270000 - 0x00007fff7c28b000 	C:\WINDOWS\SYSTEM32\CRYPTSP.dll
0x00007fff7bb00000 - 0x00007fff7bb35000 	C:\WINDOWS\system32\rsaenh.dll
0x00007fff7c110000 - 0x00007fff7c13c000 	C:\WINDOWS\SYSTEM32\USERENV.dll
0x00007fff7c290000 - 0x00007fff7c29c000 	C:\WINDOWS\SYSTEM32\CRYPTBASE.dll
0x00007fff7b5e0000 - 0x00007fff7b60d000 	C:\WINDOWS\SYSTEM32\IPHLPAPI.DLL
0x00007fff7de80000 - 0x00007fff7de89000 	C:\WINDOWS\System32\NSI.dll
0x00007fff76ff0000 - 0x00007fff77009000 	C:\WINDOWS\SYSTEM32\dhcpcsvc6.DLL
0x00007fff76fa0000 - 0x00007fff76fbf000 	C:\WINDOWS\SYSTEM32\dhcpcsvc.DLL
0x00007fff7b610000 - 0x00007fff7b709000 	C:\WINDOWS\SYSTEM32\DNSAPI.dll

dbghelp: loaded successfully - version: 4.0.5 - missing functions: none
symbol engine: initialized successfully - sym options: 0x614 - pdb path: .;C:\Program Files\Android\Android Studio\jre\bin;C:\WINDOWS\SYSTEM32;C:\WINDOWS\WinSxS\amd64_microsoft.windows.common-controls_6595b64144ccf1df_6.0.22621.2506_none_270c5ae97388e100;C:\Program Files\Android\Android Studio\jre\bin\server;C:\Users\Lenovo\.gradle\native\e1d6ef7f7dcc3fd88c89a11ec53ec762bb8ba0a96d01ffa2cd45eb1d1d8dd5c5\windows-amd64

VM Arguments:
jvm_args: -Dorg.gradle.appname=gradlew 
java_command: org.gradle.wrapper.GradleWrapperMain -q -Ptarget-platform=android-x64 -Ptarget=E:\Flutter_Project\lib\main.dart -Pbase-application-name=android.app.Application -Pdart-defines=Zmx1dHRlci5pbnNwZWN0b3Iuc3RydWN0dXJlZEVycm9ycz10cnVl,RkxVVFRFUl9XRUJfQVVUT19ERVRFQ1Q9dHJ1ZQ== -Pdart-obfuscation=false -Ptrack-widget-creation=true -Ptree-shake-icons=false -Pfilesystem-scheme=org-dartlang-root assembleDebug
java_class_path (initial): E:\Flutter_Project\android\\gradle\wrapper\gradle-wrapper.jar
Launcher Type: SUN_STANDARD

[Global flags]
     intx CICompilerCount                          = 4                                         {product} {ergonomic}
     uint ConcGCThreads                            = 2                                         {product} {ergonomic}
     uint G1ConcRefinementThreads                  = 8                                         {product} {ergonomic}
   size_t G1HeapRegionSize                         = 1048576                                   {product} {ergonomic}
    uintx GCDrainStackTargetSize                   = 64                                        {product} {ergonomic}
   size_t InitialHeapSize                          = 132120576                                 {product} {ergonomic}
   size_t MarkStackSize                            = 4194304                                   {product} {ergonomic}
   size_t MaxHeapSize                              = 2090860544                                {product} {ergonomic}
   size_t MaxNewSize                               = 1254096896                                {product} {ergonomic}
   size_t MinHeapDeltaBytes                        = 1048576                                   {product} {ergonomic}
   size_t MinHeapSize                              = 8388608                                   {product} {ergonomic}
    uintx NonNMethodCodeHeapSize                   = 5839372                                {pd product} {ergonomic}
    uintx NonProfiledCodeHeapSize                  = 122909434                              {pd product} {ergonomic}
    uintx ProfiledCodeHeapSize                     = 122909434                              {pd product} {ergonomic}
    uintx ReservedCodeCacheSize                    = 251658240                              {pd product} {ergonomic}
     bool SegmentedCodeCache                       = true                                      {product} {ergonomic}
   size_t SoftMaxHeapSize                          = 2090860544                             {manageable} {ergonomic}
     bool UseCompressedClassPointers               = true                           {product lp64_product} {ergonomic}
     bool UseCompressedOops                        = true                           {product lp64_product} {ergonomic}
     bool UseG1GC                                  = true                                      {product} {ergonomic}
     bool UseLargePagesIndividualAllocation        = false                                  {pd product} {ergonomic}

Logging:
Log output configuration:
 #0: stdout all=warning uptime,level,tags
 #1: stderr all=off uptime,level,tags

Environment Variables:
JAVA_HOME=C:\Program Files\Android\Android Studio\jre
CLASSPATH=E:\Flutter_Project\android\\gradle\wrapper\gradle-wrapper.jar
PATH=C:\Program Files\Common Files\Oracle\Java\javapath;C:\Program Files (x86)\Common Files\Oracle\Java\javapath;C:\ProgramData\Oracle\Java\javapath;C:\WINDOWS\system32;C:\WINDOWS;C:\WINDOWS\System32\Wbem;C:\WINDOWS\System32\WindowsPowerShell\v1.0\;C:\WINDOWS\System32\OpenSSH\;C:\Program Files\Git\cmd;C:\Program Files\dotnet\;C:\Program Files\Microsoft SQL Server\130\Tools\Binn\;C:\Program Files\Microsoft SQL Server\Client SDK\ODBC\170\Tools\Binn\;C:\Program Files (x86)\dotnet\;C:\Program Files\Java\jdk-19\bin;C:\Program Files\Common Files\Oracle\Java\javapath;C:\Program Files (x86)\Microsoft SQL Server\160\Tools\Binn\;C:\Program Files\Microsoft SQL Server\160\Tools\Binn\;C:\Program Files\Microsoft SQL Server\160\DTS\Binn\;C:\Program Files (x86)\Microsoft SQL Server\160\DTS\Binn\;C:\Program Files\Azure Data Studio\bin;C:\xampp\php;C:\ProgramData\ComposerSetup\bin;C:\Program Files\nodejs\;C:\Users\Lenovo\AppData\Local\Microsoft\WindowsApps;C:\Users\Lenovo\.dotnet\tools;C:\Users\Lenovo\AppData\Local\Programs\Microsoft VS Code\bin;C:\Users\Lenovo\Downloads\flutter_windows_3.7.1-stable\flutter\bin;C:\Users\Lenovo\Downloads\flutter_windows_3.7.1-stable\flutter\bin;C:\Users\Lenovo\AppData\Local\GitHubDesktop\bin;C:\Program Files\Azure Data Studio\bin;C:\Users\Lenovo\AppData\Roaming\Composer\vendor\bin;C:\xampp1\php;C:\Users\Lenovo\AppData\Roaming\npm;C:\flutter\flutter_windows_3.7.1-stable\flutter\bin\mingit\cmd
USERNAME=Lenovo
OS=Windows_NT
PROCESSOR_IDENTIFIER=Intel64 Family 6 Model 140 Stepping 1, GenuineIntel
TMP=C:\Users\Lenovo\AppData\Local\Temp
TEMP=C:\Users\Lenovo\AppData\Local\Temp


JNI global refs:
JNI global refs: 19, weak refs: 0

JNI global refs memory usage: 843, weak refs: 209


---------------  S Y S T E M  ---------------

OS:
 Windows 11 , 64 bit Build 22621 (10.0.22621.3085)
OS uptime: 20 days 1:21 hours

CPU: total 8 (initial active 8) (4 cores per cpu, 2 threads per core) family 6 model 140 stepping 1 microcode 0x86, cx8, cmov, fxsr, ht, mmx, 3dnowpref, sse, sse2, sse3, ssse3, sse4.1, sse4.2, popcnt, lzcnt, tsc, tscinvbit, avx, avx2, aes, erms, clmul, bmi1, bmi2, adx, avx512f, avx512dq, avx512cd, avx512bw, avx512vl, sha, fma, vzeroupper, avx512_vpopcntdq, avx512_vpclmulqdq, avx512_vaes, avx512_vnni, clflush, clflushopt, clwb, avx512_vbmi2, avx512_vbmi

Memory: 4k page, system-wide physical 7975M (198M free)
TotalPageFile size 19975M (AvailPageFile size 0M)
current process WorkingSet (physical memory assigned to process): 46M, peak: 48M
current process commit charge ("private bytes"): 222M, peak: 223M

vm_info: OpenJDK 64-Bit Server VM (17.0.6+0-b2043.56-10027231) for windows-amd64 JRE (17.0.6+0-b2043.56-10027231), built on Apr 28 2023 00:43:19 by "androidbuild" with MS VC++ 16.10 / 16.11 (VS2019)

END.
